<?xml version="1.0" encoding="UTF-8"?>
<testsuite name="MultiplicadorTest" tests="7" skipped="0" failures="0" errors="0" timestamp="2020-02-25T21:11:11" hostname="EN2010249" time="0.02">
  <properties/>
  <testcase name="multiplicarResultaLoEsperado(int, int, int)[1]" classname="MultiplicadorTest" time="0.002"/>
  <testcase name="multiplicarResultaLoEsperado(int, int, int)[2]" classname="MultiplicadorTest" time="0.001"/>
  <testcase name="multiplicarResultaLoEsperado(int, int, int)[3]" classname="MultiplicadorTest" time="0.002"/>
  <testcase name="multiplicarResultaLoEsperado(int, int, int)[4]" classname="MultiplicadorTest" time="0.001"/>
  <testcase name="multiplicarResultaLoEsperado(int, int, int)[5]" classname="MultiplicadorTest" time="0.001"/>
  <testcase name="multiplicarResultaLoEsperado(int, int, int)[6]" classname="MultiplicadorTest" time="0.001"/>
  <testcase name="multiplicarResultaLoEsperado(int, int, int)[7]" classname="MultiplicadorTest" time="0.002"/>
  <system-out><![CDATA[]]></system-out>
  <system-err><![CDATA[]]></system-err>
</testsuite>
