<?xml version="1.0" encoding="UTF-8"?>
<testsuite name="RestadorTest" tests="7" skipped="0" failures="0" errors="0" timestamp="2020-02-25T21:11:11" hostname="EN2010249" time="0.014">
  <properties/>
  <testcase name="restarResultaLoEsperado(int, int, int)[1]" classname="RestadorTest" time="0.001"/>
  <testcase name="restarResultaLoEsperado(int, int, int)[2]" classname="RestadorTest" time="0.001"/>
  <testcase name="restarResultaLoEsperado(int, int, int)[3]" classname="RestadorTest" time="0.001"/>
  <testcase name="restarResultaLoEsperado(int, int, int)[4]" classname="RestadorTest" time="0.001"/>
  <testcase name="restarResultaLoEsperado(int, int, int)[5]" classname="RestadorTest" time="0.001"/>
  <testcase name="restarResultaLoEsperado(int, int, int)[6]" classname="RestadorTest" time="0.001"/>
  <testcase name="restarResultaLoEsperado(int, int, int)[7]" classname="RestadorTest" time="0.001"/>
  <system-out><![CDATA[]]></system-out>
  <system-err><![CDATA[]]></system-err>
</testsuite>
